<?xml version="1.0" encoding="UTF-8"?>
<testng-results skipped="0" failed="1" ignored="0" total="3" passed="2">
  <reporter-output>
  </reporter-output>
  <suite name="Default suite" duration-ms="41622" started-at="2020-12-13T19:31:42Z" finished-at="2020-12-13T19:32:23Z">
    <groups>
    </groups>
    <test name="Default test" duration-ms="41622" started-at="2020-12-13T19:31:42Z" finished-at="2020-12-13T19:32:23Z">
      <class name="TestVegrant.TestVegrant.Weather">
        <test-method status="PASS" signature="Setup()[pri:0, instance:TestVegrant.TestVegrant.Weather@6e1567f1]" name="Setup" is-config="true" duration-ms="32603" started-at="2020-12-13T19:31:42Z" finished-at="2020-12-13T19:32:14Z">
          <reporter-output>
          </reporter-output>
        </test-method> <!-- Setup -->
        <test-method status="PASS" signature="TestVeg()[pri:1, instance:TestVegrant.TestVegrant.Weather@6e1567f1]" name="TestVeg" duration-ms="4542" started-at="2020-12-13T19:32:14Z" finished-at="2020-12-13T19:32:19Z">
          <reporter-output>
          </reporter-output>
        </test-method> <!-- TestVeg -->
        <test-method status="PASS" signature="getTempApi()[pri:2, instance:TestVegrant.TestVegrant.Weather@6e1567f1]" name="getTempApi" duration-ms="4430" started-at="2020-12-13T19:32:19Z" finished-at="2020-12-13T19:32:23Z">
          <reporter-output>
          </reporter-output>
        </test-method> <!-- getTempApi -->
        <test-method status="FAIL" signature="Comparator()[pri:3, instance:TestVegrant.TestVegrant.Weather@6e1567f1]" name="Comparator" duration-ms="2" started-at="2020-12-13T19:32:23Z" finished-at="2020-12-13T19:32:23Z">
          <exception class="java.lang.RuntimeException">
            <message>
              <![CDATA[Testcase failed, Variance does not fall in range of 2 degree]]>
            </message>
            <full-stacktrace>
              <![CDATA[java.lang.RuntimeException: Testcase failed, Variance does not fall in range of 2 degree
at TestVegrant.TestVegrant.Weather.Comparator(Weather.java:69)
at sun.reflect.NativeMethodAccessorImpl.invoke0(Native Method)
at sun.reflect.NativeMethodAccessorImpl.invoke(Unknown Source)
at sun.reflect.DelegatingMethodAccessorImpl.invoke(Unknown Source)
at java.lang.reflect.Method.invoke(Unknown Source)
at org.testng.internal.MethodInvocationHelper.invokeMethod(MethodInvocationHelper.java:124)
at org.testng.internal.Invoker.invokeMethod(Invoker.java:583)
at org.testng.internal.Invoker.invokeTestMethod(Invoker.java:719)
at org.testng.internal.Invoker.invokeTestMethods(Invoker.java:989)
at org.testng.internal.TestMethodWorker.invokeTestMethods(TestMethodWorker.java:125)
at org.testng.internal.TestMethodWorker.run(TestMethodWorker.java:109)
at org.testng.TestRunner.privateRun(TestRunner.java:648)
at org.testng.TestRunner.run(TestRunner.java:505)
at org.testng.SuiteRunner.runTest(SuiteRunner.java:455)
at org.testng.SuiteRunner.runSequentially(SuiteRunner.java:450)
at org.testng.SuiteRunner.privateRun(SuiteRunner.java:415)
at org.testng.SuiteRunner.run(SuiteRunner.java:364)
at org.testng.SuiteRunnerWorker.runSuite(SuiteRunnerWorker.java:52)
at org.testng.SuiteRunnerWorker.run(SuiteRunnerWorker.java:84)
at org.testng.TestNG.runSuitesSequentially(TestNG.java:1208)
at org.testng.TestNG.runSuitesLocally(TestNG.java:1137)
at org.testng.TestNG.runSuites(TestNG.java:1049)
at org.testng.TestNG.run(TestNG.java:1017)
at org.testng.remote.AbstractRemoteTestNG.run(AbstractRemoteTestNG.java:114)
at org.testng.remote.RemoteTestNG.initAndRun(RemoteTestNG.java:251)
at org.testng.remote.RemoteTestNG.main(RemoteTestNG.java:77)
]]>
            </full-stacktrace>
          </exception> <!-- java.lang.RuntimeException -->
          <reporter-output>
          </reporter-output>
        </test-method> <!-- Comparator -->
      </class> <!-- TestVegrant.TestVegrant.Weather -->
    </test> <!-- Default test -->
  </suite> <!-- Default suite -->
</testng-results>
